Arguments: 
  C:\Program Files\nodejs\node.exe C:\Users\KSoud\AppData\Roaming\npm\node_modules\yarn\bin\yarn.js start

PATH: 
  C:\Program Files (x86)\Intel\iCLS Client\;C:\Program Files\Intel\iCLS Client\;C:\WINDOWS\system32;C:\WINDOWS;C:\WINDOWS\System32\Wbem;C:\WINDOWS\System32\WindowsPowerShell\v1.0\;C:\Program Files (x86)\Intel\Intel(R) Management Engine Components\DAL;C:\Program Files\Intel\Intel(R) Management Engine Components\DAL;C:\Program Files (x86)\Intel\Intel(R) Management Engine Components\IPT;C:\Program Files\Intel\Intel(R) Management Engine Components\IPT;C:\Program Files\Intel\WiFi\bin\;C:\Program Files\Common Files\Intel\WirelessCommon\;C:\Program Files\Git\cmd;C:\Program Files\nodejs\;C:\WINDOWS\System32\OpenSSH\;C:\Program Files\MongoDB\Server\3.6\bin;C:\MAMP\bin\php\php7.2.1;C:\ProgramData\ComposerSetup\bin;C:\Users\KSoud\AppData\Local\Microsoft\WindowsApps;C:\Program Files\Microsoft VS Code\bin;C:\Program Files\Heroku\bin;C:\Users\KSoud\AppData\Roaming\npm;C:\Program Files\MongoDB\Server\3.6;C:\Users\KSoud\AppData\Roaming\Composer\vendor\bin;C:\Users\KSoud\AppData\Roaming\Dashlane\5.17.0.23771\bin\Firefox_Extension\{442718d9-475e-452a-b3e1-fb1ee16b8e9f}\components;C:\Users\KSoud\AppData\Roaming\Dashlane\5.17.0.23771\ucrt;C:\Users\KSoud\AppData\Roaming\Dashlane\5.17.0.23771\bin\Qt;C:\Users\KSoud\AppData\Roaming\Dashlane\5.17.0.23771\ucrt;C:\Users\KSoud\AppData\Roaming\Dashlane\5.17.0.23771\bin\Ssl

Yarn version: 
  1.7.0

Node version: 
  8.9.4

Platform: 
  win32 x64

Trace: 
  SyntaxError: C:\Users\KSoud\OneDrive\Documents\Boot Camp Homework\wine_buddy\package.json: Unexpected token , in JSON at position 629
      at JSON.parse (<anonymous>)
      at C:\Users\KSoud\AppData\Roaming\npm\node_modules\yarn\lib\cli.js:1130:59
      at Generator.next (<anonymous>)
      at step (C:\Users\KSoud\AppData\Roaming\npm\node_modules\yarn\lib\cli.js:98:30)
      at C:\Users\KSoud\AppData\Roaming\npm\node_modules\yarn\lib\cli.js:109:13
      at <anonymous>

npm manifest: 
  {
    "name": "wine_buddy",
    "version": "1.0.0",
    "description": "Wine &amp; Food-Pairing App",
    "main": "server.js",
    "dependencies": {
      "axios": "^0.18.0",
      "body-parser": "^1.18.3",
      "cheerio": "^1.0.0-rc.2",
      "express": "^4.16.3",
      "fs": "0.0.1-security",
      "if-env": "^1.0.4",
      "jquery": "^3.3.1",
      "mongoose": "^5.2.1",
      "morgan": "^1.9.0",
      "nightmare": "^3.0.1",
      "request": "^2.87.0",
      "vo": "^4.0.2"
    },
    "devDependencies": {
      "concurrently": "^3.6.0",
      "nodemon": "^1.18.2"
    },
      "scripts": {
        "if-env NODE_ENV=production && npm run start:prod || npm run start:dev",
        "start:prod": "node server.js",
        "start:dev": "concurrently \"nodemon --ignore 'wine_buddy/*'\" \"npm run client\"",
        "client": "cd wine_buddy && npm run start",
        "install": "cd wine_buddy && yarn install",
        "build": "cd wine_buddy && npm run build",
        "heroku-postbuild": "npm run build"
    },
    "repository": {
      "type": "git",
      "url": "git+https://github.com/travisvadnais/wine_buddy.git"
    },
    "keywords": [],
    "author": "",
    "license": "ISC",
    "bugs": {
      "url": "https://github.com/travisvadnais/wine_buddy/issues"
    },
    "homepage": "https://github.com/travisvadnais/wine_buddy#readme"
  }

yarn manifest: 
  No manifest

Lockfile: 
  No lockfile
